[debug] [2017-11-10T07:49:55.846Z] ----------------------------------------------------------------------
[debug] [2017-11-10T07:49:55.848Z] Command:       /usr/bin/node /usr/bin/firebase serve
[debug] [2017-11-10T07:49:55.848Z] CLI Version:   3.14.0
[debug] [2017-11-10T07:49:55.848Z] Platform:      linux
[debug] [2017-11-10T07:49:55.848Z] Node Version:  v6.11.5
[debug] [2017-11-10T07:49:55.849Z] Time:          Fri Nov 10 2017 10:49:55 GMT+0300 (EAT)
[debug] [2017-11-10T07:49:55.849Z] ----------------------------------------------------------------------
[debug] 
[debug] [2017-11-10T07:49:55.859Z] > command requires scopes: ["email","openid","https://www.googleapis.com/auth/cloudplatformprojects.readonly","https://www.googleapis.com/auth/firebase","https://www.googleapis.com/auth/cloud-platform"]
[debug] [2017-11-10T07:49:55.860Z] > authorizing via signed-in user
[debug] [2017-11-10T07:49:55.861Z] > refreshing access token with scopes: ["email","https://www.googleapis.com/auth/cloud-platform","https://www.googleapis.com/auth/cloudplatformprojects.readonly","https://www.googleapis.com/auth/firebase","openid"]
[debug] [2017-11-10T07:49:55.862Z] >>> HTTP REQUEST POST https://www.googleapis.com/oauth2/v3/token { refresh_token: '1/cur8sYjXYj4S13BEp2rzkPQoTmySj6O88-14vktzHlov0kZkFCl_eXvVQ2egEMUs',
  client_id: '563584335869-fgrhgmd47bqnekij5i8b5pr03ho849e6.apps.googleusercontent.com',
  client_secret: 'j9iVZfS8kkCEFUPaAeJV0sAi',
  grant_type: 'refresh_token',
  scope: 'email https://www.googleapis.com/auth/cloud-platform https://www.googleapis.com/auth/cloudplatformprojects.readonly https://www.googleapis.com/auth/firebase openid' } 
 Fri Nov 10 2017 10:49:55 GMT+0300 (EAT)
[debug] [2017-11-10T07:49:57.330Z] <<< HTTP RESPONSE 200
[debug] [2017-11-10T07:49:57.340Z] >>> HTTP REQUEST GET https://admin.firebase.com/v1/projects/appfest-e3104  
 Fri Nov 10 2017 10:49:57 GMT+0300 (EAT)
[debug] [2017-11-10T07:49:59.673Z] <<< HTTP RESPONSE 200
[debug] [2017-11-10T07:49:59.677Z] >>> HTTP REQUEST GET https://admin.firebase.com/v1/database/appfest-e3104/tokens  
 Fri Nov 10 2017 10:49:59 GMT+0300 (EAT)
[debug] [2017-11-10T07:50:02.431Z] <<< HTTP RESPONSE 200
[info] 
[info] === Serving from '/home/lewis/workspace/web/express-app'...
[info] 
[debug] [2017-11-10T07:50:02.446Z] >>> HTTP REQUEST GET https://cloudresourcemanager.googleapis.com/v1/projects/appfest-e3104  
 Fri Nov 10 2017 10:50:02 GMT+0300 (EAT)
[debug] [2017-11-10T07:50:05.500Z] <<< HTTP RESPONSE 200
[debug] [2017-11-10T07:50:05.502Z] >>> HTTP REQUEST GET https://mobilesdk-pa.googleapis.com/v1/projects/57986137591/clients/_:getWebAppConfig  
 Fri Nov 10 2017 10:50:05 GMT+0300 (EAT)
[debug] [2017-11-10T07:50:08.018Z] <<< HTTP RESPONSE 200
[info] i  hosting: Serving hosting files from: public
[info] ✔  hosting: Local server: http://localhost:5000

